<?xml version="1.0" encoding="UTF-8"?>
<!-- Generated by org.testng.reporters.JUnitReportReporter -->
<testsuite skipped="0" hostname="A4ML12351" name="com.learnautomation.testcases.LoginTest" tests="1" failures="0" timestamp="2020-08-05T10:49:23 IST" time="9.343" errors="0">
  <testcase name="loginApp" time="9.343" classname="com.learnautomation.testcases.LoginTest"/>
  <system-out/>
</testsuite> <!-- com.learnautomation.testcases.LoginTest -->
